<?xml version="1.0" encoding="UTF-8"?>
<!-- Generated by org.testng.reporters.JUnitReportReporter -->
<testsuite skipped="0" hostname="MAVBCP875" name="sauceDemo_Testcases.Thanku_Testcases" tests="1" failures="0" timestamp="2021-06-12T22:39:41 IST" time="10.705" errors="0">
  <testcase name="select_product" time="10.705" classname="sauceDemo_Testcases.Thanku_Testcases"/>
  <system-out/>
</testsuite> <!-- sauceDemo_Testcases.Thanku_Testcases -->
