<?xml version="1.0" encoding="UTF-8"?>
<!-- Generated by org.testng.reporters.JUnitReportReporter -->
<testsuite skipped="1" hostname="MAVBCP875" name="eCommerce_QA_TestCases.Create_New_Account_Testcases" tests="1" failures="0" timestamp="2021-06-13T18:24:03 IST" time="0.000" errors="0">
  <testcase name="personal_info" time="0.000" classname="eCommerce_QA_TestCases.Create_New_Account_Testcases">
    <skipped/>
  </testcase> <!-- personal_info -->
  <system-out/>
</testsuite> <!-- eCommerce_QA_TestCases.Create_New_Account_Testcases -->
