<?xml version="1.0" encoding="UTF-8"?>
<!-- Generated by org.testng.reporters.JUnitReportReporter -->
<testsuite skipped="0" hostname="MAVBCP875" name="sauceDemo_Testcases.Login_Test" tests="1" failures="0" timestamp="2021-06-12T22:19:13 IST" time="9.385" errors="0">
  <testcase name="validate_login" time="9.385" classname="sauceDemo_Testcases.Login_Test"/>
  <system-out/>
</testsuite> <!-- sauceDemo_Testcases.Login_Test -->
